2026-03-25 08:32:26,176 - INFO - Data Processing Initialized
2026-03-25 08:32:27,264 - INFO - Data loaded sucessfully for Data processing
2026-03-25 08:34:02,777 - INFO - Data Processing Initialized
2026-03-25 08:34:03,992 - INFO - Data loaded sucessfully for Data processing
2026-03-25 08:34:04,226 - INFO - Filtered users sucesfully...
2026-03-25 08:34:05,026 - INFO - Scalind done for Processing 
2026-03-25 08:34:05,127 - INFO - Encoding done for Users and Anime
2026-03-25 08:34:05,489 - INFO - Data splitted sucesfullyy
2026-03-25 08:34:05,496 - INFO - user2user_encoded saved sucesfully in processed directory
2026-03-25 08:34:05,504 - INFO - user2user_decoded saved sucesfully in processed directory
2026-03-25 08:34:05,531 - INFO - anim2anime_encoded saved sucesfully in processed directory
2026-03-25 08:34:05,559 - INFO - anim2anime_decoded saved sucesfully in processed directory
2026-03-25 08:34:05,590 - ERROR - Error in [C:\mlopsproject2\src\data_processing.py],line [117] : Failed to save artifacts data
2026-03-25 08:38:27,663 - INFO - Data Processing Initialized
2026-03-25 08:38:28,734 - INFO - Data loaded sucessfully for Data processing
2026-03-25 08:38:28,935 - INFO - Filtered users sucesfully...
2026-03-25 08:38:29,600 - INFO - Scalind done for Processing 
2026-03-25 08:38:29,711 - INFO - Encoding done for Users and Anime
2026-03-25 08:38:30,068 - INFO - Data splitted sucesfullyy
2026-03-25 08:38:30,076 - INFO - user2user_encoded saved sucesfully in processed directory
2026-03-25 08:38:30,084 - INFO - user2user_decoded saved sucesfully in processed directory
2026-03-25 08:38:30,114 - INFO - anim2anime_encoded saved sucesfully in processed directory
2026-03-25 08:38:30,142 - INFO - anim2anime_decoded saved sucesfully in processed directory
2026-03-25 08:38:30,173 - ERROR - Error in [C:\mlopsproject2\src\data_processing.py],line [117] : Failed to save artifacts data
2026-03-25 08:39:02,375 - INFO - Data Processing Initialized
2026-03-25 08:39:03,448 - INFO - Data loaded sucessfully for Data processing
2026-03-25 08:39:03,638 - INFO - Filtered users sucesfully...
2026-03-25 08:39:04,335 - INFO - Scalind done for Processing 
2026-03-25 08:39:04,438 - INFO - Encoding done for Users and Anime
2026-03-25 08:39:04,835 - INFO - Data splitted sucesfullyy
2026-03-25 08:39:04,844 - INFO - user2user_encoded saved sucesfully in processed directory
2026-03-25 08:39:04,853 - INFO - user2user_decoded saved sucesfully in processed directory
2026-03-25 08:39:04,880 - INFO - anim2anime_encoded saved sucesfully in processed directory
2026-03-25 08:39:04,906 - INFO - anim2anime_decoded saved sucesfully in processed directory
2026-03-25 08:39:08,351 - INFO - ALl the training testing data as well as rating_df is saved now..
2026-03-25 08:39:22,429 - INFO - DF AND SYNOPSIS_Df saved sucesfullyy...
2026-03-25 08:39:22,431 - INFO - Data Processing Pipeline Run sucesfully .... Congrats
2026-03-25 11:16:25,320 - INFO - Model Training initialized ..
2026-03-25 11:17:42,156 - INFO - Model Training initialized ..
2026-03-25 11:17:42,304 - INFO - Data loaded sucessfully for Model Training
2026-03-25 11:17:42,336 - INFO - successfully read the YAML file
2026-03-25 11:17:42,336 - INFO - Loaded configuration from config.yaml
2026-03-25 11:19:58,847 - INFO - Model Training initialized ..
2026-03-25 11:19:58,896 - INFO - Data loaded sucessfully for Model Training
2026-03-25 11:19:58,910 - INFO - successfully read the YAML file
2026-03-25 11:19:58,910 - INFO - Loaded configuration from config.yaml
2026-03-25 11:19:58,910 - INFO - Error occured during model architecture 'model' 
2026-03-25 11:23:12,800 - INFO - Model Training initialized ..
2026-03-25 11:23:12,841 - INFO - Data loaded sucessfully for Model Training
2026-03-25 11:23:12,855 - INFO - successfully read the YAML file
2026-03-25 11:23:12,855 - INFO - Loaded configuration from config.yaml
2026-03-25 11:23:12,856 - INFO - Error occured during model architecture 'model' 
2026-03-25 11:23:50,855 - INFO - Model Training initialized ..
2026-03-25 11:23:50,896 - INFO - Data loaded sucessfully for Model Training
2026-03-25 11:23:50,910 - INFO - successfully read the YAML file
2026-03-25 11:23:50,910 - INFO - Loaded configuration from config.yaml
2026-03-25 11:23:50,910 - INFO - Error occured during model architecture 'model' 
2026-03-25 11:31:18,127 - INFO - Model Training initialized ..
2026-03-25 11:31:18,169 - INFO - Data loaded sucessfully for Model Training
2026-03-25 11:31:18,184 - INFO - successfully read the YAML file
2026-03-25 11:31:18,184 - INFO - Loaded configuration from config.yaml
2026-03-25 11:31:18,184 - INFO - Error occured during model architecture 'model' 
2026-03-25 11:40:59,641 - INFO - Model Training initialized ..
2026-03-25 11:40:59,682 - INFO - Data loaded sucessfully for Model Training
2026-03-25 11:40:59,713 - INFO - successfully read the YAML file
2026-03-25 11:40:59,713 - INFO - Loaded configuration from config.yaml
2026-03-25 11:40:59,912 - WARNING - TensorFlow GPU support is not available on native Windows for TensorFlow >= 2.11. Even if CUDA/cuDNN are installed, GPU will not be used. Please use WSL2 or the TensorFlow-DirectML plugin.
2026-03-25 11:40:59,914 - INFO - Model created sucessfully....
2026-03-25 11:42:04,490 - INFO - Model training completed ...
2026-03-25 11:42:04,490 - WARNING - You are saving your model as an HDF5 file via `model.save()` or `keras.saving.save_model(model)`. This file format is considered legacy. We recommend using instead the native Keras format, e.g. `model.save('my_model.keras')` or `keras.saving.save_model(model, 'my_model.keras')`. 
2026-03-25 11:42:04,547 - INFO - Model saved to artifacts/model\model.h5
2026-03-25 11:42:04,551 - INFO - extracting weights for user_embedding
2026-03-25 11:42:04,560 - INFO - extracting weights for anime_embedding
2026-03-25 11:42:04,575 - INFO - user and anime weights saved sucessfully...
2026-03-25 16:57:19,812 - INFO -  Training & comet_ml initialized ..
2026-03-25 16:57:20,093 - INFO - Data loaded sucessfully for Model Training
2026-03-25 16:57:20,159 - INFO - successfully read the YAML file
2026-03-25 16:57:20,159 - INFO - Loaded configuration from config.yaml
2026-03-25 16:57:20,395 - WARNING - TensorFlow GPU support is not available on native Windows for TensorFlow >= 2.11. Even if CUDA/cuDNN are installed, GPU will not be used. Please use WSL2 or the TensorFlow-DirectML plugin.
2026-03-25 16:57:20,397 - INFO - Model created sucessfully....
2026-03-25 16:58:06,401 - INFO - Model training completed ...
2026-03-25 16:58:06,402 - WARNING - You are saving your model as an HDF5 file via `model.save()` or `keras.saving.save_model(model)`. This file format is considered legacy. We recommend using instead the native Keras format, e.g. `model.save('my_model.keras')` or `keras.saving.save_model(model, 'my_model.keras')`. 
2026-03-25 16:58:06,460 - INFO - Model saved to artifacts/model\model.h5
2026-03-25 16:58:06,465 - INFO - extracting weights for user_embedding
2026-03-25 16:58:06,475 - INFO - extracting weights for anime_embedding
2026-03-25 16:58:06,485 - INFO - user and anime weights saved sucessfully...
2026-03-25 17:06:53,546 - INFO -  Training & comet_ml initialized ..
2026-03-25 17:06:53,630 - INFO - Data loaded sucessfully for Model Training
2026-03-25 17:06:53,645 - INFO - successfully read the YAML file
2026-03-25 17:06:53,645 - INFO - Loaded configuration from config.yaml
2026-03-25 17:06:53,717 - WARNING - TensorFlow GPU support is not available on native Windows for TensorFlow >= 2.11. Even if CUDA/cuDNN are installed, GPU will not be used. Please use WSL2 or the TensorFlow-DirectML plugin.
2026-03-25 17:06:53,720 - INFO - Model created sucessfully....
2026-03-25 17:07:53,544 - INFO - Model training completed ...
2026-03-25 17:07:53,544 - WARNING - You are saving your model as an HDF5 file via `model.save()` or `keras.saving.save_model(model)`. This file format is considered legacy. We recommend using instead the native Keras format, e.g. `model.save('my_model.keras')` or `keras.saving.save_model(model, 'my_model.keras')`. 
2026-03-25 17:07:53,659 - INFO - Model saved to artifacts/model\model.h5
2026-03-25 17:07:53,662 - INFO - extracting weights for user_embedding
2026-03-25 17:07:53,673 - INFO - extracting weights for anime_embedding
2026-03-25 17:07:53,761 - INFO - user and anime weights saved sucessfully...
2026-03-25 17:50:28,252 - INFO - Data Processing Initialized
2026-03-25 17:50:29,934 - INFO - Data loaded sucessfully for Data processing
2026-03-25 17:50:30,173 - INFO - Filtered users sucesfully...
2026-03-25 17:50:31,186 - INFO - Scalind done for Processing 
2026-03-25 17:50:31,339 - INFO - Encoding done for Users and Anime
2026-03-25 17:50:31,841 - INFO - Data splitted sucesfullyy
2026-03-25 17:50:31,852 - INFO - user2user_encoded saved sucesfully in processed directory
2026-03-25 17:50:31,863 - INFO - user2user_decoded saved sucesfully in processed directory
2026-03-25 17:50:31,901 - INFO - anim2anime_encoded saved sucesfully in processed directory
2026-03-25 17:50:31,939 - INFO - anim2anime_decoded saved sucesfully in processed directory
2026-03-25 17:50:37,135 - INFO - ALl the training testing data as well as rating_df is saved now..
2026-03-25 17:51:00,711 - INFO - DF AND SYNOPSIS_Df saved sucesfullyy...
2026-03-25 17:51:00,715 - INFO - Data Processing Pipeline Run sucesfully .... Congrats
2026-03-25 17:51:10,180 - INFO -  Training & comet_ml initialized ..
2026-03-25 17:51:10,341 - INFO - Data loaded sucessfully for Model Training
2026-03-25 17:51:10,432 - INFO - successfully read the YAML file
2026-03-25 17:51:10,432 - INFO - Loaded configuration from config.yaml
2026-03-25 17:51:10,734 - WARNING - TensorFlow GPU support is not available on native Windows for TensorFlow >= 2.11. Even if CUDA/cuDNN are installed, GPU will not be used. Please use WSL2 or the TensorFlow-DirectML plugin.
2026-03-25 17:51:10,737 - INFO - Model created sucessfully....
2026-03-25 17:52:33,860 - INFO - Model training completed ...
2026-03-25 17:52:33,861 - WARNING - You are saving your model as an HDF5 file via `model.save()` or `keras.saving.save_model(model)`. This file format is considered legacy. We recommend using instead the native Keras format, e.g. `model.save('my_model.keras')` or `keras.saving.save_model(model, 'my_model.keras')`. 
2026-03-25 17:52:33,916 - INFO - Model saved to artifacts/model\model.h5
2026-03-25 17:52:33,919 - INFO - extracting weights for user_embedding
2026-03-25 17:52:33,929 - INFO - extracting weights for anime_embedding
2026-03-25 17:52:34,011 - INFO - user and anime weights saved sucessfully...
